[INFO] 17:16:25:521 KernelCliente/(8091:8091): CONECTANDO CON MEMORY POOL
[INFO] 17:16:42:86 KernelCliente/(8091:8091): hola
[INFO] 17:20:10:874 KernelCliente/(8208:8208): CONECTANDO CON MEMORY POOL
[INFO] 17:22:27:240 KernelCliente/(8419:8419): CONECTANDO CON MEMORY POOL
[INFO] 17:22:42:107 KernelCliente/(8419:8419): hola
[INFO] 17:25:02:943 KernelCliente/(8489:8489): CONECTANDO CON MEMORY POOL
[INFO] 17:25:11:394 KernelCliente/(8489:8489): hola
[INFO] 17:25:13:777 KernelCliente/(8489:8489): }
[INFO] 15:36:42:227 KernelCliente/(4434:4434): CONECTANDO CON MEMORY POOL
[INFO] 15:37:05:119 KernelCliente/(4434:4434): hola
[INFO] 15:37:06:167 KernelCliente/(4434:4434): como
[INFO] 15:37:06:904 KernelCliente/(4434:4434): estas
[INFO] 15:38:54:732 KernelCliente/(4591:4591): CONECTANDO CON MEMORY POOL
[INFO] 15:39:01:790 KernelCliente/(4591:4591): hola
[INFO] 15:39:02:726 KernelCliente/(4591:4591): como
[INFO] 15:39:03:494 KernelCliente/(4591:4591): estas
[INFO] 15:42:49:652 KernelCliente/(4647:4647): CONECTANDO CON MEMORY POOL
[INFO] 15:43:03:787 KernelCliente/(4647:4647): hola
[INFO] 15:43:04:286 KernelCliente/(4647:4647): como
[INFO] 15:43:05:22 KernelCliente/(4647:4647): estas
[INFO] 15:44:55:635 KernelCliente/(4784:4784): CONECTANDO CON MEMORY POOL
[INFO] 15:45:00:330 KernelCliente/(4784:4784): hola
[INFO] 15:49:53:766 KernelCliente/(4950:4950): CONECTANDO CON MEMORY POOL
[INFO] 15:50:00:714 KernelCliente/(4950:4950): hola
[INFO] 15:50:23:950 KernelCliente/(4971:4971): CONECTANDO CON MEMORY POOL
[INFO] 15:51:11:762 KernelCliente/(4988:4988): CONECTANDO CON MEMORY POOL
[INFO] 15:51:16:657 KernelCliente/(4988:4988): hola
[INFO] 15:51:17:513 KernelCliente/(4988:4988): chau
[INFO] 15:51:18:289 KernelCliente/(4988:4988): como
[INFO] 15:51:19:66 KernelCliente/(4988:4988): estas
[INFO] 15:52:15:691 KernelCliente/(5044:5044): CONECTANDO CON MEMORY POOL
[INFO] 15:52:20:185 KernelCliente/(5044:5044): hola}
[INFO] 15:52:25:809 KernelCliente/(5044:5044): chau
[INFO] 15:56:04:377 KernelCliente/(5116:5116): CONECTANDO CON MEMORY POOL
[INFO] 15:56:10:917 KernelCliente/(5116:5116): hola
[INFO] 15:59:07:846 KernelCliente/(5291:5291): CONECTANDO CON MEMORY POOL
[INFO] 15:59:13:373 KernelCliente/(5291:5291): hola
[INFO] 16:03:14:806 KernelCliente/(5492:5492): CONECTANDO CON MEMORY POOL
[INFO] 16:03:21:753 KernelCliente/(5492:5492): hola
[INFO] 16:03:31:481 KernelCliente/(5492:5492): chau
[INFO] 16:06:48:77 KernelCliente/(5551:5551): CONECTANDO CON MEMORY POOL
[INFO] 16:07:48:647 KernelCliente/(5604:5604): CONECTANDO CON MEMORY POOL
[INFO] 16:16:25:232 KernelCliente/(5893:5893): CONECTANDO CON MEMORY POOL
[INFO] 17:42:05:805 KernelCliente/(3285:3285): CONECTANDO CON MEMORY POOL
[INFO] 17:42:25:798 KernelCliente/(3285:3285): hola
[INFO] 17:43:03:716 KernelCliente/(3285:3285): chau
[INFO] 17:43:53:131 KernelCliente/(3339:3339): CONECTANDO CON MEMORY POOL
[INFO] 17:44:49:283 KernelCliente/(3392:3392): CONECTANDO CON MEMORY POOL
[INFO] 17:45:12:440 KernelCliente/(3392:3392): hola
[INFO] 17:45:15:98 KernelCliente/(3392:3392): chau
[INFO] 15:07:11:762 KernelCliente/(4969:4969): CONECTANDO CON MEMORY POOL
[INFO] 15:07:17:606 KernelCliente/(4983:4983): CONECTANDO CON MEMORY POOL
[INFO] 15:08:58:315 KernelCliente/(5030:5030): CONECTANDO CON MEMORY POOL
[INFO] 15:13:45:989 KernelCliente/(5133:5133): CONECTANDO CON MEMORY POOL
[INFO] 15:14:49:349 KernelCliente/(5192:5192): CONECTANDO CON MEMORY POOL
[INFO] 17:12:44:206 KernelCliente/(7204:7204): CONECTANDO CON MEMORY POOL
[INFO] 17:13:36:263 KernelCliente/(7253:7253): CONECTANDO CON MEMORY POOL
[INFO] 17:14:50:727 KernelCliente/(7288:7288): CONECTANDO CON MEMORY POOL
[INFO] 17:15:46:494 KernelCliente/(7331:7331): CONECTANDO CON MEMORY POOL
[INFO] 17:17:15:143 KernelCliente/(7351:7351): CONECTANDO CON MEMORY POOL
[INFO] 17:52:09:365 KernelCliente/(8305:8305): CONECTANDO CON MEMORY POOL
[INFO] 17:53:03:529 KernelCliente/(8327:8327): CONECTANDO CON MEMORY POOL
[INFO] 18:02:08:21 KernelCliente/(8474:8474): CONECTANDO CON MEMORY POOL
[INFO] 18:08:32:270 KernelCliente/(8804:8804): CONECTANDO CON MEMORY POOL
[INFO] 18:09:13:604 KernelCliente/(8841:8841): CONECTANDO CON MEMORY POOL
[INFO] 18:11:07:925 KernelCliente/(8904:8904): CONECTANDO CON MEMORY POOL
[INFO] 18:12:42:321 KernelCliente/(8948:8948): CONECTANDO CON MEMORY POOL
[INFO] 18:13:43:201 KernelCliente/(8983:8983): CONECTANDO CON MEMORY POOL
[INFO] 18:14:03:92 KernelCliente/(8998:8998): CONECTANDO CON MEMORY POOL
[INFO] 19:29:21:487 KernelCliente/(9217:9217): CONECTANDO CON MEMORY POOL
